[
  {
    "level": "INFO",
    "message": "android.ndkVersion from module build.gradle is 26.3.11579264"
  },
  {
    "level": "INFO",
    "message": "ndk.dir in local.properties is not set"
  },
  {
    "level": "INFO",
    "message": "ANDROID_NDK_HOME environment variable is not set"
  },
  {
    "level": "INFO",
    "message": "sdkFolder is D:\\sdk2"
  },
  {
    "level": "INFO",
    "message": "Considering D:\\sdk2\\ndk-bundle in SDK ndk-bundle folder"
  },
  {
    "level": "INFO",
    "message": "Considering D:\\sdk2\\ndk\\26.3.11579264 in SDK ndk folder"
  },
  {
    "level": "INFO",
    "message": "Rejected D:\\sdk2\\ndk-bundle in SDK ndk-bundle folder because that location has no source.properties"
  },
  {
    "level": "INFO",
    "message": "Found requested NDK version 26.3.11579264 at D:\\sdk2\\ndk\\26.3.11579264"
  }
]