[
  {
    "level": "INFO",
    "message": "android.ndkVersion from module build.gradle is 3.10.2.4988404"
  },
  {
    "level": "INFO",
    "message": "ndk.dir in local.properties is not set"
  },
  {
    "level": "INFO",
    "message": "ANDROID_NDK_HOME environment variable is not set"
  },
  {
    "level": "INFO",
    "message": "sdkFolder is D:\\sdk"
  },
  {
    "level": "INFO",
    "message": "Considering D:\\sdk\\ndk-bundle in SDK ndk-bundle folder"
  },
  {
    "level": "INFO",
    "message": "Considering D:\\sdk\\ndk\\26.3.11579264 in SDK ndk folder"
  },
  {
    "level": "INFO",
    "message": "Considering D:\\sdk\\ndk\\27.0.12077973 in SDK ndk folder"
  },
  {
    "level": "INFO",
    "message": "Rejected D:\\sdk\\ndk-bundle in SDK ndk-bundle folder because that location has no source.properties"
  },
  {
    "level": "INFO",
    "message": "Rejected D:\\sdk\\ndk\\27.0.12077973 in SDK ndk folder because that NDK had version 27.0.12077973 which didn\u0027t match the requested version 3.10.2.4988404"
  },
  {
    "level": "INFO",
    "message": "Rejected D:\\sdk\\ndk\\26.3.11579264 in SDK ndk folder because that NDK had version 26.3.11579264 which didn\u0027t match the requested version 3.10.2.4988404"
  },
  {
    "level": "ERROR",
    "message": "No version of NDK matched the requested version 3.10.2.4988404. Versions available locally: 26.3.11579264, 27.0.12077973"
  }
]