[
  {
    "level": "INFO",
    "message": "android.ndkVersion from module build.gradle is 26.3.11579264"
  },
  {
    "level": "INFO",
    "message": "ndk.dir in local.properties is not set"
  },
  {
    "level": "INFO",
    "message": "ANDROID_NDK_HOME environment variable is not set"
  },
  {
    "level": "INFO",
    "message": "sdkFolder is D:\\sdk"
  },
  {
    "level": "INFO",
    "message": "NDK side-by-side folder from sdkFolder D:\\sdk\\ndk does not exist"
  },
  {
    "level": "INFO",
    "message": "Considering D:\\sdk\\ndk-bundle in SDK ndk-bundle folder"
  },
  {
    "level": "INFO",
    "message": "Rejected D:\\sdk\\ndk-bundle in SDK ndk-bundle folder because that location has no source.properties"
  },
  {
    "level": "WARN",
    "message": "Compatible side by side NDK version was not found for android.ndkVersion \u002726.3.11579264\u0027"
  }
]